9/14/2020 5:28:58 PM	This log contains information about the import schema operation into project 'DataEastDB' on computer 'DESKTOP-SQ8F5JA' by user 'lexit'.
9/14/2020 5:28:58 PM	Import of database schema has started.
9/14/2020 5:29:04 PM	Gathering database credentials
9/14/2020 5:29:04 PM	Gathering database options
9/14/2020 5:29:04 PM	Gathering generic database scoped configuration option
9/14/2020 5:29:04 PM	Gathering users
9/14/2020 5:29:04 PM	Gathering roles
9/14/2020 5:29:04 PM	Gathering application roles
9/14/2020 5:29:04 PM	Gathering role memberships
9/14/2020 5:29:04 PM	Gathering filegroups
9/14/2020 5:29:04 PM	Gathering full-text catalogs
9/14/2020 5:29:04 PM	Gathering assemblies
9/14/2020 5:29:04 PM	Gathering certificates
9/14/2020 5:29:04 PM	Gathering asymmetric keys
9/14/2020 5:29:04 PM	Gathering symmetric keys
9/14/2020 5:29:04 PM	Gathering encrypted symmetric keys
9/14/2020 5:29:04 PM	Gathering schemas
9/14/2020 5:29:04 PM	Gathering XML schema collections
9/14/2020 5:29:04 PM	Gathering user-defined data types
9/14/2020 5:29:04 PM	Gathering user-defined types
9/14/2020 5:29:04 PM	Gathering table types
9/14/2020 5:29:04 PM	Gathering unique keys for table types
9/14/2020 5:29:04 PM	Gathering primary keys for table types
9/14/2020 5:29:04 PM	Gathering indexes for table types
9/14/2020 5:29:04 PM	Gathering check constraints for table types
9/14/2020 5:29:04 PM	Gathering default constraints for table types
9/14/2020 5:29:04 PM	Gathering partition functions
9/14/2020 5:29:04 PM	Gathering partition schemes
9/14/2020 5:29:04 PM	Gathering functions
9/14/2020 5:29:04 PM	Gathering encrypted functions
9/14/2020 5:29:04 PM	Gathering aggregates
9/14/2020 5:29:04 PM	Gathering procedures
9/14/2020 5:29:04 PM	Gathering encrypted procedures
9/14/2020 5:29:04 PM	Gathering tables
9/14/2020 5:29:04 PM	Gathering primary keys
9/14/2020 5:29:04 PM	Gathering unique constraints
9/14/2020 5:29:04 PM	Gathering foreign keys
9/14/2020 5:29:04 PM	Gathering default constraints
9/14/2020 5:29:04 PM	Gathering check constraints
9/14/2020 5:29:04 PM	Gathering views
9/14/2020 5:29:04 PM	Gathering encrypted views
9/14/2020 5:29:04 PM	Gathering indexes
9/14/2020 5:29:04 PM	Gathering statistics
9/14/2020 5:29:04 PM	Gathering full-text index stoplists
9/14/2020 5:29:04 PM	Gathering search property lists
9/14/2020 5:29:05 PM	Gathering search properties
9/14/2020 5:29:05 PM	Gathering full-text indexes
9/14/2020 5:29:05 PM	Gathering column store indexes
9/14/2020 5:29:05 PM	Gathering spatial indexes
9/14/2020 5:29:05 PM	Gathering XML indexes
9/14/2020 5:29:05 PM	Gathering Selective XML indexes
9/14/2020 5:29:05 PM	Gathering encrypted triggers
9/14/2020 5:29:05 PM	Gathering triggers
9/14/2020 5:29:05 PM	Gathering encrypted and clr ddl triggers
9/14/2020 5:29:05 PM	Gathering ddl triggers
9/14/2020 5:29:05 PM	Creating edge constraints
9/14/2020 5:29:05 PM	Gathering synonyms
9/14/2020 5:29:05 PM	Gathering defaults
9/14/2020 5:29:05 PM	Gathering data constraint uddt bindings
9/14/2020 5:29:05 PM	Gathering rules
9/14/2020 5:29:05 PM	Gathering data constraint uddt bindings
9/14/2020 5:29:05 PM	Gathering message types
9/14/2020 5:29:05 PM	Gathering queues
9/14/2020 5:29:05 PM	Gathering contracts
9/14/2020 5:29:05 PM	Gathering services
9/14/2020 5:29:05 PM	Gathering event notifications
9/14/2020 5:29:05 PM	Gathering remote service bindings
9/14/2020 5:29:05 PM	Gathering broker priorities
9/14/2020 5:29:05 PM	Gathering signatures
9/14/2020 5:29:05 PM	Gathering data compression options
9/14/2020 5:29:05 PM	Gathering sequence types
9/14/2020 5:29:05 PM	Gathering security policies
9/14/2020 5:29:05 PM	Gather column encryption keys
9/14/2020 5:29:05 PM	Gathering column master keys
9/14/2020 5:29:05 PM	Gathering external data sources
9/14/2020 5:29:05 PM	Gathering external file formats
9/14/2020 5:29:05 PM	Gathering external tables
9/14/2020 5:29:05 PM	Gathering extended properties
9/14/2020 5:29:05 PM	Gathering credentials
9/14/2020 5:29:05 PM	Gathering logins
9/14/2020 5:29:05 PM	Gathering server audits
9/14/2020 5:29:06 PM	Scanning project for duplicate elements
9/14/2020 5:29:06 PM	Finished duplicate element processing
9/14/2020 5:29:06 PM	Finished importing database.
9/14/2020 5:29:06 PM	A summary of the import was saved to the following location: C:\Users\lexit\source\repos\ASP.NET.MVC.DataEastDatabase\DataEastDB\Import Schema Logs\DataEastDB_20200914092858.log
9/14/2020 5:29:06 PM	Click Finish to continue...
